0 verbose cli C:\Program Files\nodejs\node.exe C:\Users\ravin\AppData\Roaming\npm\node_modules\npm\bin\npm-cli.js
1 info using npm@9.6.7
2 info using node@v16.16.0
3 timing npm:load:whichnode Completed in 4ms
4 timing config:load:defaults Completed in 3ms
5 timing config:load:file:C:\Users\ravin\AppData\Roaming\npm\node_modules\npm\npmrc Completed in 6ms
6 timing config:load:builtin Completed in 6ms
7 timing config:load:cli Completed in 4ms
8 timing config:load:env Completed in 2ms
9 timing config:load:file:C:\Users\ravin\Desktop\React\ldrc1\backend\.npmrc Completed in 1ms
10 timing config:load:project Completed in 7ms
11 timing config:load:file:C:\Users\ravin\.npmrc Completed in 0ms
12 timing config:load:user Completed in 1ms
13 timing config:load:file:C:\Users\ravin\AppData\Roaming\npm\etc\npmrc Completed in 0ms
14 timing config:load:global Completed in 0ms
15 timing config:load:setEnvs Completed in 1ms
16 timing config:load Completed in 27ms
17 timing npm:load:configload Completed in 27ms
18 timing npm:load:mkdirpcache Completed in 0ms
19 timing npm:load:mkdirplogs Completed in 1ms
20 verbose title npm clear
21 verbose argv "clear" "-cache" "force"
22 timing npm:load:setTitle Completed in 3ms
23 timing config:load:flatten Completed in 5ms
24 timing npm:load:display Completed in 6ms
25 verbose logfile logs-max:10 dir:C:\Users\ravin\Desktop\React\ldrc1\backend\force\_logs\2023-12-26T14_06_11_802Z-
26 verbose logfile C:\Users\ravin\Desktop\React\ldrc1\backend\force\_logs\2023-12-26T14_06_11_802Z-debug-0.log
27 timing npm:load:logFile Completed in 56ms
28 timing npm:load:timers Completed in 0ms
29 timing npm:load:configScope Completed in 0ms
30 timing npm:load Completed in 100ms
31 verbose exit 1
32 timing npm Completed in 137ms
33 verbose code 1
